v:\map-creator\x64\debug\vc143.pdb
v:\map-creator\x64\debug\vc143.idb
v:\map-creator\x64\debug\tskrzynia.obj
v:\map-creator\x64\debug\trzecz.obj
v:\map-creator\x64\debug\tpodloga.obj
v:\map-creator\x64\debug\tokno_skrzyni.obj
v:\map-creator\x64\debug\tmikstura.obj
v:\map-creator\x64\debug\tmagazyn.obj
v:\map-creator\x64\debug\tkafelek.obj
v:\map-creator\x64\debug\global.obj
v:\map-creator\x64\debug\fportal.obj
v:\map-creator\x64\debug\main.obj
v:\map-creator\x64\debug\map-creator.exe
v:\map-creator\x64\debug\map-creator.ilk
v:\map-creator\x64\debug\map-creator.pdb
v:\map-creator\x64\debug\map-creator.tlog\cl.command.1.tlog
v:\map-creator\x64\debug\map-creator.tlog\cl.items.tlog
v:\map-creator\x64\debug\map-creator.tlog\cl.read.1.tlog
v:\map-creator\x64\debug\map-creator.tlog\cl.write.1.tlog
v:\map-creator\x64\debug\map-creator.tlog\link.command.1.tlog
v:\map-creator\x64\debug\map-creator.tlog\link.read.1.tlog
v:\map-creator\x64\debug\map-creator.tlog\link.write.1.tlog
